<?xml version="1.0" encoding="UTF-8"?>
<!-- Generated by org.testng.reporters.JUnitXMLReporter -->
<testsuite hostname="mokshagnya" ignored="0" name="EmailTest" tests="4" failures="0" timestamp="06 Mar 2019 17:55:26 GMT" time="161.602" errors="0">
  <testcase name="username" time="74.495" classname="com.prameters.ParameterTest"/>
  <testcase name="username" time="29.883" classname="com.prameters.ParameterTest"/>
  <testcase name="compose" time="7.012" classname="com.prameters.ParameterTest"/>
  <testcase name="compose" time="7.014" classname="com.prameters.ParameterTest"/>
</testsuite> <!-- EmailTest -->
