<?xml version="1.0" encoding="UTF-8"?>
<!-- Generated by org.testng.reporters.JUnitXMLReporter -->
<testsuite hostname="mokshagnya" ignored="1" name="testngTest" tests="2" failures="0" timestamp="07 Mar 2019 04:28:08 GMT" time="122.398" errors="0">
  <testcase name="username" time="50.119" classname="com.prameters.ParameterTest"/>
  <testcase name="username" time="40.89" classname="com.prameters.ParameterTest"/>
  <testcase name="compose" time="0.0" classname="com.prameters.ParameterTest">
    <ignored/>
  </testcase> <!-- compose -->
</testsuite> <!-- testngTest -->
