<?xml version="1.0" encoding="UTF-8"?>
<!-- Generated by org.testng.reporters.JUnitXMLReporter -->
<testsuite hostname="mokshagnya" ignored="1" name="testngTest" tests="1" failures="0" timestamp="06 Mar 2019 15:43:08 GMT" time="0.056" errors="0">
  <testcase name="composeMail" time="0.014" classname="softwaretestingmaterial.TestCase2"/>
  <testcase name="loginTest" time="0.0" classname="softwaretestingmaterial.TestCase1">
    <ignored/>
  </testcase> <!-- loginTest -->
</testsuite> <!-- testngTest -->
